<?xml version="1.0" encoding="UTF-8"?>
<Site BuildName="Win32-mingw32-make"
	BuildStamp="20231013-1914-Experimental"
	Name="Haruhi-no-Razer-Blade-18"
	Generator="ctest-3.27.4"
	CompilerName="C:/mingw64/bin/g++.exe"
	CompilerVersion="13.2.0"
	OSName="Windows"
	Hostname="Haruhi-no-Razer-Blade-18"
	OSRelease=" Professional"
	OSVersion=" (Build 22621)"
	OSPlatform="AMD64"
	Is64Bits="1"
	VendorString="GenuineIntel"
	VendorID="Intel Corporation"
	FamilyID="6"
	ModelID="7"
	ProcessorCacheSize="-1"
	NumberOfLogicalCPU="32"
	NumberOfPhysicalCPU="24"
	TotalVirtualMemory="74908"
	TotalPhysicalMemory="65180"
	LogicalProcessorsPerPhysical="1"
	ProcessorClockFrequency="2419"
	>
	<Testing>
		<StartDateTime>Oct 13 21:14 [NON-UTF-8-BYTE-0xCE][NON-UTF-8-BYTE-0xF7]ŷ[NON-UTF-8-BYTE-0xCF][NON-UTF-8-BYTE-0xC4][NON-UTF-8-BYTE-0xC1][NON-UTF-8-BYTE-0xEE]ʱ</StartDateTime>
		<StartTestTime>1697224480</StartTestTime>
		<TestList/>
		<EndDateTime>Oct 13 21:14 [NON-UTF-8-BYTE-0xCE][NON-UTF-8-BYTE-0xF7]ŷ[NON-UTF-8-BYTE-0xCF][NON-UTF-8-BYTE-0xC4][NON-UTF-8-BYTE-0xC1][NON-UTF-8-BYTE-0xEE]ʱ</EndDateTime>
		<EndTestTime>1697224480</EndTestTime>
		<ElapsedMinutes>0</ElapsedMinutes>
	</Testing>
</Site>
